<?xml version="1.0" encoding="UTF-8"?>
<!-- Generated by org.testng.reporters.JUnitReportReporter -->
<testsuite skipped="0" hostname="LAPTOP-A8CBNU2C" name="com.qa.tests.PostAPITest" tests="1" failures="0" timestamp="2021-07-08T10:26:37 IST" time="2.439" errors="0">
  <testcase name="postAPITest" time="2.439" classname="com.qa.tests.PostAPITest"/>
  <system-out/>
</testsuite> <!-- com.qa.tests.PostAPITest -->
