<?xml version="1.0" encoding="UTF-8"?>
<!-- Generated by org.testng.reporters.JUnitReportReporter -->
<testsuite skipped="0" hostname="LAPTOP-A8CBNU2C" name="com.qa.tests.GetAPITest" tests="1" failures="0" timestamp="2021-07-08T08:26:16 IST" time="4.204" errors="0">
  <testcase name="getAPITest" time="4.204" classname="com.qa.tests.GetAPITest"/>
  <system-out/>
</testsuite> <!-- com.qa.tests.GetAPITest -->
