<?xml version="1.0" encoding="UTF-8"?>
<!-- Generated by org.testng.reporters.JUnitReportReporter -->
<testsuite skipped="0" hostname="LAPTOP-A8CBNU2C" name="com.qa.tests.GetAPITest" tests="3" failures="0" timestamp="2021-08-08T10:17:14 IST" time="6.797" errors="0">
  <testcase name="postApiTest" time="5.001" classname="com.qa.tests.GetAPITest"/>
  <system-out/>
  <testcase name="apiGetTest" time="0.883" classname="com.qa.tests.GetAPITest"/>
  <system-out/>
  <testcase name="apiGetWithHeaders" time="0.913" classname="com.qa.tests.GetAPITest"/>
  <system-out/>
</testsuite> <!-- com.qa.tests.GetAPITest -->
