<?xml version="1.0" encoding="UTF-8"?>
<!-- Generated by org.testng.reporters.JUnitReportReporter -->
<testsuite skipped="0" hostname="LAPTOP-A8CBNU2C" name="com.qa.tests.PostAPITest" tests="1" failures="0" timestamp="2021-08-09T10:17:52 IST" time="10.615" errors="0">
  <testcase name="postApiTest" time="10.615" classname="com.qa.tests.PostAPITest"/>
  <system-out/>
</testsuite> <!-- com.qa.tests.PostAPITest -->
