<?xml version="1.0" encoding="UTF-8"?>
<!-- Generated by org.testng.reporters.JUnitReportReporter -->
<testsuite skipped="0" hostname="LAPTOP-A8CBNU2C" name="com.qa.tests.DeleteAPITest" tests="1" failures="0" timestamp="2021-08-09T10:19:25 IST" time="7.208" errors="0">
  <testcase name="deleteAPITest" time="7.208" classname="com.qa.tests.DeleteAPITest"/>
  <system-out/>
</testsuite> <!-- com.qa.tests.DeleteAPITest -->
