<?xml version="1.0" encoding="UTF-8"?>
<!-- Generated by org.testng.reporters.JUnitReportReporter -->
<testsuite skipped="0" hostname="LAPTOP-A8CBNU2C" name="com.qa.tests.PutAPITest" tests="1" failures="0" timestamp="2021-08-09T10:18:42 IST" time="12.038" errors="0">
  <testcase name="putApiTest" time="12.038" classname="com.qa.tests.PutAPITest"/>
  <system-out/>
</testsuite> <!-- com.qa.tests.PutAPITest -->
