<?xml version="1.0" encoding="UTF-8"?>
<!-- Generated by org.testng.reporters.JUnitReportReporter -->
<testsuite skipped="0" hostname="LAPTOP-A8CBNU2C" name="com.qa.tests.GetAPITest" tests="1" failures="0" timestamp="2021-08-09T10:09:50 IST" time="15.717" errors="0">
  <testcase name="apiGetTest" time="15.717" classname="com.qa.tests.GetAPITest"/>
  <system-out/>
</testsuite> <!-- com.qa.tests.GetAPITest -->
